# JRE version: OpenJDK Runtime Environment (21.0.7+6) (build 21.0.7+6-Ubuntu-0ubuntu124.04)
# Java VM: OpenJDK 64-Bit Server VM (21.0.7+6-Ubuntu-0ubuntu124.04, mixed mode, sharing, tiered, compressed oops, compressed class ptrs, g1 gc, linux-amd64)
GC Precious Log:
 CardTable entry size: 512
 Card Set container configuration: InlinePtr #cards 5 size 8 Array Of Cards #cards 12 size 40 Howl #buckets 4 coarsen threshold 1843 Howl Bitmap #cards 512 size 80 coarsen threshold 460 Card regions per heap region 1 cards per card region 2048
 CPUs: 2 total, 2 available
 Memory: 3915M
 Large Page Support: Disabled
 NUMA Support: Disabled
 Compressed Oops: Enabled (32-bit)
 Heap Region Size: 1M
 Heap Min Capacity: 8M
 Heap Initial Capacity: 62M
 Heap Max Capacity: 980M
 Pre-touch: Disabled
 Parallel Workers: 2
 Concurrent Workers: 1
 Concurrent Refinement Workers: 2
 Periodic GC: Disabled
Heap:
 garbage-first heap   total 40960K, used 36625K [0x00000000c2c00000, 0x0000000100000000)
  region size 1024K, 24 young (24576K), 5 survivors (5120K)
 Metaspace       used 24606K, committed 25024K, reserved 1114112K
  class space    used 3403K, committed 3584K, reserved 1048576K
GC Heap History (10 events):
Event: 0,341 GC heap before
{Heap before GC invocations=0 (full 0):
 garbage-first heap   total 65536K, used 6193K [0x00000000c2c00000, 0x0000000100000000)
  region size 1024K, 6 young (6144K), 0 survivors (0K)
 Metaspace       used 806K, committed 960K, reserved 1114112K
  class space    used 62K, committed 128K, reserved 1048576K
}
Event: 0,345 GC heap after
{Heap after GC invocations=1 (full 0):
 garbage-first heap   total 65536K, used 1497K [0x00000000c2c00000, 0x0000000100000000)
  region size 1024K, 1 young (1024K), 1 survivors (1024K)
 Metaspace       used 806K, committed 960K, reserved 1114112K
  class space    used 62K, committed 128K, reserved 1048576K
}
Event: 0,920 GC heap before
{Heap before GC invocations=1 (full 0):
 garbage-first heap   total 65536K, used 10713K [0x00000000c2c00000, 0x0000000100000000)
  region size 1024K, 11 young (11264K), 1 survivors (1024K)
 Metaspace       used 4041K, committed 4288K, reserved 1114112K
  class space    used 459K, committed 576K, reserved 1048576K
}
Event: 0,928 GC heap after
{Heap after GC invocations=2 (full 0):
 garbage-first heap   total 65536K, used 2832K [0x00000000c2c00000, 0x0000000100000000)
  region size 1024K, 2 young (2048K), 2 survivors (2048K)
 Metaspace       used 4041K, committed 4288K, reserved 1114112K
  class space    used 459K, committed 576K, reserved 1048576K
}
Event: 1,461 GC heap before
{Heap before GC invocations=2 (full 0):
 garbage-first heap   total 65536K, used 16144K [0x00000000c2c00000, 0x0000000100000000)
  region size 1024K, 15 young (15360K), 2 survivors (2048K)
 Metaspace       used 12691K, committed 12928K, reserved 1114112K
  class space    used 1423K, committed 1536K, reserved 1048576K
}
Event: 1,470 GC heap after
{Heap after GC invocations=3 (full 0):
 garbage-first heap   total 65536K, used 5572K [0x00000000c2c00000, 0x0000000100000000)
  region size 1024K, 2 young (2048K), 2 survivors (2048K)
 Metaspace       used 12691K, committed 12928K, reserved 1114112K
  class space    used 1423K, committed 1536K, reserved 1048576K
}
Event: 1,740 GC heap before
{Heap before GC invocations=3 (full 0):
 garbage-first heap   total 65536K, used 20932K [0x00000000c2c00000, 0x0000000100000000)
  region size 1024K, 18 young (18432K), 2 survivors (2048K)
 Metaspace       used 16681K, committed 16896K, reserved 1114112K
  class space    used 2015K, committed 2112K, reserved 1048576K
}
Event: 1,745 GC heap after
{Heap after GC invocations=4 (full 0):
 garbage-first heap   total 65536K, used 7552K [0x00000000c2c00000, 0x0000000100000000)
  region size 1024K, 2 young (2048K), 2 survivors (2048K)
 Metaspace       used 16681K, committed 16896K, reserved 1114112K
  class space    used 2015K, committed 2112K, reserved 1048576K
}
Event: 2,100 GC heap before
{Heap before GC invocations=4 (full 0):
 garbage-first heap   total 65536K, used 30080K [0x00000000c2c00000, 0x0000000100000000)
  region size 1024K, 26 young (26624K), 2 survivors (2048K)
 Metaspace       used 21196K, committed 21504K, reserved 1114112K
  class space    used 2979K, committed 3136K, reserved 1048576K
}
Event: 2,108 GC heap after
{Heap after GC invocations=5 (full 0):
 garbage-first heap   total 78848K, used 10001K [0x00000000c2c00000, 0x0000000100000000)
  region size 1024K, 5 young (5120K), 5 survivors (5120K)
 Metaspace       used 21196K, committed 21504K, reserved 1114112K
  class space    used 2979K, committed 3136K, reserved 1048576K
}

