# JRE version: OpenJDK Runtime Environment (21.0.7+6) (build 21.0.7+6-Ubuntu-0ubuntu124.04)
# Java VM: OpenJDK 64-Bit Server VM (21.0.7+6-Ubuntu-0ubuntu124.04, mixed mode, sharing, tiered, compressed oops, compressed class ptrs, g1 gc, linux-amd64)
GC Precious Log:
 CardTable entry size: 512
 Card Set container configuration: InlinePtr #cards 5 size 8 Array Of Cards #cards 12 size 40 Howl #buckets 4 coarsen threshold 1843 Howl Bitmap #cards 512 size 80 coarsen threshold 460 Card regions per heap region 1 cards per card region 2048
 CPUs: 2 total, 2 available
 Memory: 3915M
 Large Page Support: Disabled
 NUMA Support: Disabled
 Compressed Oops: Enabled (32-bit)
 Heap Region Size: 1M
 Heap Min Capacity: 8M
 Heap Initial Capacity: 62M
 Heap Max Capacity: 980M
 Pre-touch: Disabled
 Parallel Workers: 2
 Concurrent Workers: 1
 Concurrent Refinement Workers: 2
 Periodic GC: Disabled
Heap:
 garbage-first heap   total 40960K, used 23411K [0x00000000c2c00000, 0x0000000100000000)
  region size 1024K, 6 young (6144K), 3 survivors (3072K)
 Metaspace       used 24533K, committed 24896K, reserved 1114112K
  class space    used 3402K, committed 3584K, reserved 1048576K
GC Heap History (12 events):
Event: 0,625 GC heap before
{Heap before GC invocations=0 (full 0):
 garbage-first heap   total 65536K, used 6193K [0x00000000c2c00000, 0x0000000100000000)
  region size 1024K, 6 young (6144K), 0 survivors (0K)
 Metaspace       used 799K, committed 960K, reserved 1114112K
  class space    used 62K, committed 128K, reserved 1048576K
}
Event: 0,627 GC heap after
{Heap after GC invocations=1 (full 0):
 garbage-first heap   total 65536K, used 1457K [0x00000000c2c00000, 0x0000000100000000)
  region size 1024K, 1 young (1024K), 1 survivors (1024K)
 Metaspace       used 799K, committed 960K, reserved 1114112K
  class space    used 62K, committed 128K, reserved 1048576K
}
Event: 1,113 GC heap before
{Heap before GC invocations=1 (full 0):
 garbage-first heap   total 65536K, used 11697K [0x00000000c2c00000, 0x0000000100000000)
  region size 1024K, 12 young (12288K), 1 survivors (1024K)
 Metaspace       used 4561K, committed 4800K, reserved 1114112K
  class space    used 507K, committed 640K, reserved 1048576K
}
Event: 1,117 GC heap after
{Heap after GC invocations=2 (full 0):
 garbage-first heap   total 65536K, used 3251K [0x00000000c2c00000, 0x0000000100000000)
  region size 1024K, 2 young (2048K), 2 survivors (2048K)
 Metaspace       used 4561K, committed 4800K, reserved 1114112K
  class space    used 507K, committed 640K, reserved 1048576K
}
Event: 1,855 GC heap before
{Heap before GC invocations=2 (full 0):
 garbage-first heap   total 65536K, used 16563K [0x00000000c2c00000, 0x0000000100000000)
  region size 1024K, 16 young (16384K), 2 survivors (2048K)
 Metaspace       used 13772K, committed 13952K, reserved 1114112K
  class space    used 1559K, committed 1664K, reserved 1048576K
}
Event: 1,874 GC heap after
{Heap after GC invocations=3 (full 0):
 garbage-first heap   total 65536K, used 5678K [0x00000000c2c00000, 0x0000000100000000)
  region size 1024K, 2 young (2048K), 2 survivors (2048K)
 Metaspace       used 13772K, committed 13952K, reserved 1114112K
  class space    used 1559K, committed 1664K, reserved 1048576K
}
Event: 2,200 GC heap before
{Heap before GC invocations=3 (full 0):
 garbage-first heap   total 65536K, used 26158K [0x00000000c2c00000, 0x0000000100000000)
  region size 1024K, 23 young (23552K), 2 survivors (2048K)
 Metaspace       used 17743K, committed 18112K, reserved 1114112K
  class space    used 2208K, committed 2368K, reserved 1048576K
}
Event: 2,210 GC heap after
{Heap after GC invocations=4 (full 0):
 garbage-first heap   total 65536K, used 8913K [0x00000000c2c00000, 0x0000000100000000)
  region size 1024K, 3 young (3072K), 3 survivors (3072K)
 Metaspace       used 17743K, committed 18112K, reserved 1114112K
  class space    used 2208K, committed 2368K, reserved 1048576K
}
Event: 2,416 GC heap before
{Heap before GC invocations=4 (full 0):
 garbage-first heap   total 65536K, used 24273K [0x00000000c2c00000, 0x0000000100000000)
  region size 1024K, 20 young (20480K), 3 survivors (3072K)
 Metaspace       used 21173K, committed 21504K, reserved 1114112K
  class space    used 2973K, committed 3136K, reserved 1048576K
}
Event: 2,432 GC heap after
{Heap after GC invocations=5 (full 0):
 garbage-first heap   total 65536K, used 10155K [0x00000000c2c00000, 0x0000000100000000)
  region size 1024K, 1 young (1024K), 1 survivors (1024K)
 Metaspace       used 21173K, committed 21504K, reserved 1114112K
  class space    used 2973K, committed 3136K, reserved 1048576K
}
Event: 6,089 GC heap before
{Heap before GC invocations=6 (full 0):
 garbage-first heap   total 37888K, used 35755K [0x00000000c2c00000, 0x0000000100000000)
  region size 1024K, 18 young (18432K), 1 survivors (1024K)
 Metaspace       used 24346K, committed 24768K, reserved 1114112K
  class space    used 3391K, committed 3584K, reserved 1048576K
}
Event: 6,096 GC heap after
{Heap after GC invocations=7 (full 0):
 garbage-first heap   total 40960K, used 21363K [0x00000000c2c00000, 0x0000000100000000)
  region size 1024K, 3 young (3072K), 3 survivors (3072K)
 Metaspace       used 24346K, committed 24768K, reserved 1114112K
  class space    used 3391K, committed 3584K, reserved 1048576K
}

