# JRE version: OpenJDK Runtime Environment (21.0.7+6) (build 21.0.7+6-Ubuntu-0ubuntu124.04)
# Java VM: OpenJDK 64-Bit Server VM (21.0.7+6-Ubuntu-0ubuntu124.04, mixed mode, sharing, tiered, compressed oops, compressed class ptrs, g1 gc, linux-amd64)
GC Precious Log:
 CardTable entry size: 512
 Card Set container configuration: InlinePtr #cards 5 size 8 Array Of Cards #cards 12 size 40 Howl #buckets 4 coarsen threshold 1843 Howl Bitmap #cards 512 size 80 coarsen threshold 460 Card regions per heap region 1 cards per card region 2048
 CPUs: 2 total, 2 available
 Memory: 3915M
 Large Page Support: Disabled
 NUMA Support: Disabled
 Compressed Oops: Enabled (32-bit)
 Heap Region Size: 1M
 Heap Min Capacity: 8M
 Heap Initial Capacity: 62M
 Heap Max Capacity: 980M
 Pre-touch: Disabled
 Parallel Workers: 2
 Concurrent Workers: 1
 Concurrent Refinement Workers: 2
 Periodic GC: Disabled
Heap:
 garbage-first heap   total 45056K, used 22559K [0x00000000c2c00000, 0x0000000100000000)
  region size 1024K, 5 young (5120K), 3 survivors (3072K)
 Metaspace       used 24561K, committed 24960K, reserved 1114112K
  class space    used 3402K, committed 3584K, reserved 1048576K
GC Heap History (12 events):
Event: 0,269 GC heap before
{Heap before GC invocations=0 (full 0):
 garbage-first heap   total 65536K, used 6193K [0x00000000c2c00000, 0x0000000100000000)
  region size 1024K, 6 young (6144K), 0 survivors (0K)
 Metaspace       used 789K, committed 960K, reserved 1114112K
  class space    used 62K, committed 128K, reserved 1048576K
}
Event: 0,277 GC heap after
{Heap after GC invocations=1 (full 0):
 garbage-first heap   total 65536K, used 1453K [0x00000000c2c00000, 0x0000000100000000)
  region size 1024K, 1 young (1024K), 1 survivors (1024K)
 Metaspace       used 789K, committed 960K, reserved 1114112K
  class space    used 62K, committed 128K, reserved 1048576K
}
Event: 0,918 GC heap before
{Heap before GC invocations=1 (full 0):
 garbage-first heap   total 65536K, used 10669K [0x00000000c2c00000, 0x0000000100000000)
  region size 1024K, 11 young (11264K), 1 survivors (1024K)
 Metaspace       used 4030K, committed 4224K, reserved 1114112K
  class space    used 460K, committed 576K, reserved 1048576K
}
Event: 0,921 GC heap after
{Heap after GC invocations=2 (full 0):
 garbage-first heap   total 65536K, used 3034K [0x00000000c2c00000, 0x0000000100000000)
  region size 1024K, 2 young (2048K), 2 survivors (2048K)
 Metaspace       used 4030K, committed 4224K, reserved 1114112K
  class space    used 460K, committed 576K, reserved 1048576K
}
Event: 1,280 GC heap before
{Heap before GC invocations=2 (full 0):
 garbage-first heap   total 65536K, used 15322K [0x00000000c2c00000, 0x0000000100000000)
  region size 1024K, 15 young (15360K), 2 survivors (2048K)
 Metaspace       used 12748K, committed 12992K, reserved 1114112K
  class space    used 1443K, committed 1536K, reserved 1048576K
}
Event: 1,297 GC heap after
{Heap after GC invocations=3 (full 0):
 garbage-first heap   total 65536K, used 5790K [0x00000000c2c00000, 0x0000000100000000)
  region size 1024K, 2 young (2048K), 2 survivors (2048K)
 Metaspace       used 12748K, committed 12992K, reserved 1114112K
  class space    used 1443K, committed 1536K, reserved 1048576K
}
Event: 1,567 GC heap before
{Heap before GC invocations=3 (full 0):
 garbage-first heap   total 65536K, used 24222K [0x00000000c2c00000, 0x0000000100000000)
  region size 1024K, 21 young (21504K), 2 survivors (2048K)
 Metaspace       used 17164K, committed 17472K, reserved 1114112K
  class space    used 2124K, committed 2240K, reserved 1048576K
}
Event: 1,571 GC heap after
{Heap after GC invocations=4 (full 0):
 garbage-first heap   total 65536K, used 8463K [0x00000000c2c00000, 0x0000000100000000)
  region size 1024K, 3 young (3072K), 3 survivors (3072K)
 Metaspace       used 17164K, committed 17472K, reserved 1114112K
  class space    used 2124K, committed 2240K, reserved 1048576K
}
Event: 1,851 GC heap before
{Heap before GC invocations=4 (full 0):
 garbage-first heap   total 65536K, used 27919K [0x00000000c2c00000, 0x0000000100000000)
  region size 1024K, 24 young (24576K), 3 survivors (3072K)
 Metaspace       used 21193K, committed 21504K, reserved 1114112K
  class space    used 2980K, committed 3136K, reserved 1048576K
}
Event: 1,858 GC heap after
{Heap after GC invocations=5 (full 0):
 garbage-first heap   total 65536K, used 9930K [0x00000000c2c00000, 0x0000000100000000)
  region size 1024K, 4 young (4096K), 4 survivors (4096K)
 Metaspace       used 21193K, committed 21504K, reserved 1114112K
  class space    used 2980K, committed 3136K, reserved 1048576K
}
Event: 6,401 GC heap before
{Heap before GC invocations=6 (full 0):
 garbage-first heap   total 37888K, used 35530K [0x00000000c2c00000, 0x0000000100000000)
  region size 1024K, 21 young (21504K), 4 survivors (4096K)
 Metaspace       used 24378K, committed 24768K, reserved 1114112K
  class space    used 3391K, committed 3584K, reserved 1048576K
}
Event: 6,421 GC heap after
{Heap after GC invocations=7 (full 0):
 garbage-first heap   total 45056K, used 21535K [0x00000000c2c00000, 0x0000000100000000)
  region size 1024K, 3 young (3072K), 3 survivors (3072K)
 Metaspace       used 24378K, committed 24768K, reserved 1114112K
  class space    used 3391K, committed 3584K, reserved 1048576K
}

