# JRE version: OpenJDK Runtime Environment (21.0.7+6) (build 21.0.7+6-Ubuntu-0ubuntu124.04)
# Java VM: OpenJDK 64-Bit Server VM (21.0.7+6-Ubuntu-0ubuntu124.04, mixed mode, sharing, tiered, compressed oops, compressed class ptrs, g1 gc, linux-amd64)
GC Precious Log:
 CardTable entry size: 512
 Card Set container configuration: InlinePtr #cards 5 size 8 Array Of Cards #cards 12 size 40 Howl #buckets 4 coarsen threshold 1843 Howl Bitmap #cards 512 size 80 coarsen threshold 460 Card regions per heap region 1 cards per card region 2048
 CPUs: 2 total, 2 available
 Memory: 3915M
 Large Page Support: Disabled
 NUMA Support: Disabled
 Compressed Oops: Enabled (32-bit)
 Heap Region Size: 1M
 Heap Min Capacity: 8M
 Heap Initial Capacity: 62M
 Heap Max Capacity: 980M
 Pre-touch: Disabled
 Parallel Workers: 2
 Concurrent Workers: 1
 Concurrent Refinement Workers: 2
 Periodic GC: Disabled
Heap:
 garbage-first heap   total 45056K, used 23364K [0x00000000c2c00000, 0x0000000100000000)
  region size 1024K, 6 young (6144K), 3 survivors (3072K)
 Metaspace       used 24785K, committed 25216K, reserved 1114112K
  class space    used 3402K, committed 3584K, reserved 1048576K
GC Heap History (12 events):
Event: 0,410 GC heap before
{Heap before GC invocations=0 (full 0):
 garbage-first heap   total 65536K, used 6193K [0x00000000c2c00000, 0x0000000100000000)
  region size 1024K, 6 young (6144K), 0 survivors (0K)
 Metaspace       used 820K, committed 960K, reserved 1114112K
  class space    used 62K, committed 128K, reserved 1048576K
}
Event: 0,413 GC heap after
{Heap after GC invocations=1 (full 0):
 garbage-first heap   total 65536K, used 1481K [0x00000000c2c00000, 0x0000000100000000)
  region size 1024K, 1 young (1024K), 1 survivors (1024K)
 Metaspace       used 820K, committed 960K, reserved 1114112K
  class space    used 62K, committed 128K, reserved 1048576K
}
Event: 1,215 GC heap before
{Heap before GC invocations=1 (full 0):
 garbage-first heap   total 65536K, used 10697K [0x00000000c2c00000, 0x0000000100000000)
  region size 1024K, 11 young (11264K), 1 survivors (1024K)
 Metaspace       used 4117K, committed 4352K, reserved 1114112K
  class space    used 460K, committed 576K, reserved 1048576K
}
Event: 1,219 GC heap after
{Heap after GC invocations=2 (full 0):
 garbage-first heap   total 65536K, used 2836K [0x00000000c2c00000, 0x0000000100000000)
  region size 1024K, 2 young (2048K), 2 survivors (2048K)
 Metaspace       used 4117K, committed 4352K, reserved 1114112K
  class space    used 460K, committed 576K, reserved 1048576K
}
Event: 1,713 GC heap before
{Heap before GC invocations=2 (full 0):
 garbage-first heap   total 65536K, used 15124K [0x00000000c2c00000, 0x0000000100000000)
  region size 1024K, 15 young (15360K), 2 survivors (2048K)
 Metaspace       used 12880K, committed 13120K, reserved 1114112K
  class space    used 1427K, committed 1536K, reserved 1048576K
}
Event: 1,724 GC heap after
{Heap after GC invocations=3 (full 0):
 garbage-first heap   total 65536K, used 5492K [0x00000000c2c00000, 0x0000000100000000)
  region size 1024K, 2 young (2048K), 2 survivors (2048K)
 Metaspace       used 12880K, committed 13120K, reserved 1114112K
  class space    used 1427K, committed 1536K, reserved 1048576K
}
Event: 2,005 GC heap before
{Heap before GC invocations=3 (full 0):
 garbage-first heap   total 65536K, used 20852K [0x00000000c2c00000, 0x0000000100000000)
  region size 1024K, 18 young (18432K), 2 survivors (2048K)
 Metaspace       used 16846K, committed 17088K, reserved 1114112K
  class space    used 2012K, committed 2112K, reserved 1048576K
}
Event: 2,012 GC heap after
{Heap after GC invocations=4 (full 0):
 garbage-first heap   total 65536K, used 7729K [0x00000000c2c00000, 0x0000000100000000)
  region size 1024K, 2 young (2048K), 2 survivors (2048K)
 Metaspace       used 16846K, committed 17088K, reserved 1114112K
  class space    used 2012K, committed 2112K, reserved 1048576K
}
Event: 2,526 GC heap before
{Heap before GC invocations=4 (full 0):
 garbage-first heap   total 65536K, used 30257K [0x00000000c2c00000, 0x0000000100000000)
  region size 1024K, 26 young (26624K), 2 survivors (2048K)
 Metaspace       used 21151K, committed 21504K, reserved 1114112K
  class space    used 2949K, committed 3136K, reserved 1048576K
}
Event: 2,533 GC heap after
{Heap after GC invocations=5 (full 0):
 garbage-first heap   total 65536K, used 9777K [0x00000000c2c00000, 0x0000000100000000)
  region size 1024K, 4 young (4096K), 4 survivors (4096K)
 Metaspace       used 21151K, committed 21504K, reserved 1114112K
  class space    used 2949K, committed 3136K, reserved 1048576K
}
Event: 6,874 GC heap before
{Heap before GC invocations=6 (full 0):
 garbage-first heap   total 37888K, used 35377K [0x00000000c2c00000, 0x0000000100000000)
  region size 1024K, 21 young (21504K), 4 survivors (4096K)
 Metaspace       used 24602K, committed 24960K, reserved 1114112K
  class space    used 3389K, committed 3584K, reserved 1048576K
}
Event: 6,887 GC heap after
{Heap after GC invocations=7 (full 0):
 garbage-first heap   total 45056K, used 21316K [0x00000000c2c00000, 0x0000000100000000)
  region size 1024K, 3 young (3072K), 3 survivors (3072K)
 Metaspace       used 24602K, committed 24960K, reserved 1114112K
  class space    used 3389K, committed 3584K, reserved 1048576K
}

