# JRE version: OpenJDK Runtime Environment (21.0.7+6) (build 21.0.7+6-Ubuntu-0ubuntu124.04)
# Java VM: OpenJDK 64-Bit Server VM (21.0.7+6-Ubuntu-0ubuntu124.04, mixed mode, sharing, tiered, compressed oops, compressed class ptrs, g1 gc, linux-amd64)
GC Precious Log:
 CardTable entry size: 512
 Card Set container configuration: InlinePtr #cards 5 size 8 Array Of Cards #cards 12 size 40 Howl #buckets 4 coarsen threshold 1843 Howl Bitmap #cards 512 size 80 coarsen threshold 460 Card regions per heap region 1 cards per card region 2048
 CPUs: 2 total, 2 available
 Memory: 3915M
 Large Page Support: Disabled
 NUMA Support: Disabled
 Compressed Oops: Enabled (32-bit)
 Heap Region Size: 1M
 Heap Min Capacity: 8M
 Heap Initial Capacity: 62M
 Heap Max Capacity: 980M
 Pre-touch: Disabled
 Parallel Workers: 2
 Concurrent Workers: 1
 Concurrent Refinement Workers: 2
 Periodic GC: Disabled
Heap:
 garbage-first heap   total 45056K, used 24013K [0x00000000c2c00000, 0x0000000100000000)
  region size 1024K, 6 young (6144K), 3 survivors (3072K)
 Metaspace       used 24781K, committed 25152K, reserved 1114112K
  class space    used 3403K, committed 3584K, reserved 1048576K
GC Heap History (12 events):
Event: 0,437 GC heap before
{Heap before GC invocations=0 (full 0):
 garbage-first heap   total 65536K, used 6193K [0x00000000c2c00000, 0x0000000100000000)
  region size 1024K, 6 young (6144K), 0 survivors (0K)
 Metaspace       used 815K, committed 960K, reserved 1114112K
  class space    used 62K, committed 128K, reserved 1048576K
}
Event: 0,443 GC heap after
{Heap after GC invocations=1 (full 0):
 garbage-first heap   total 65536K, used 1505K [0x00000000c2c00000, 0x0000000100000000)
  region size 1024K, 1 young (1024K), 1 survivors (1024K)
 Metaspace       used 815K, committed 960K, reserved 1114112K
  class space    used 62K, committed 128K, reserved 1048576K
}
Event: 1,032 GC heap before
{Heap before GC invocations=1 (full 0):
 garbage-first heap   total 65536K, used 10721K [0x00000000c2c00000, 0x0000000100000000)
  region size 1024K, 11 young (11264K), 1 survivors (1024K)
 Metaspace       used 4089K, committed 4352K, reserved 1114112K
  class space    used 459K, committed 576K, reserved 1048576K
}
Event: 1,037 GC heap after
{Heap after GC invocations=2 (full 0):
 garbage-first heap   total 65536K, used 2844K [0x00000000c2c00000, 0x0000000100000000)
  region size 1024K, 2 young (2048K), 2 survivors (2048K)
 Metaspace       used 4089K, committed 4352K, reserved 1114112K
  class space    used 459K, committed 576K, reserved 1048576K
}
Event: 1,435 GC heap before
{Heap before GC invocations=2 (full 0):
 garbage-first heap   total 65536K, used 15132K [0x00000000c2c00000, 0x0000000100000000)
  region size 1024K, 15 young (15360K), 2 survivors (2048K)
 Metaspace       used 12800K, committed 12992K, reserved 1114112K
  class space    used 1420K, committed 1536K, reserved 1048576K
}
Event: 1,443 GC heap after
{Heap after GC invocations=3 (full 0):
 garbage-first heap   total 65536K, used 5556K [0x00000000c2c00000, 0x0000000100000000)
  region size 1024K, 2 young (2048K), 2 survivors (2048K)
 Metaspace       used 12800K, committed 12992K, reserved 1114112K
  class space    used 1420K, committed 1536K, reserved 1048576K
}
Event: 1,600 GC heap before
{Heap before GC invocations=3 (full 0):
 garbage-first heap   total 65536K, used 20916K [0x00000000c2c00000, 0x0000000100000000)
  region size 1024K, 18 young (18432K), 2 survivors (2048K)
 Metaspace       used 16778K, committed 17024K, reserved 1114112K
  class space    used 2010K, committed 2112K, reserved 1048576K
}
Event: 1,606 GC heap after
{Heap after GC invocations=4 (full 0):
 garbage-first heap   total 65536K, used 7931K [0x00000000c2c00000, 0x0000000100000000)
  region size 1024K, 2 young (2048K), 2 survivors (2048K)
 Metaspace       used 16778K, committed 17024K, reserved 1114112K
  class space    used 2010K, committed 2112K, reserved 1048576K
}
Event: 1,916 GC heap before
{Heap before GC invocations=4 (full 0):
 garbage-first heap   total 65536K, used 31483K [0x00000000c2c00000, 0x0000000100000000)
  region size 1024K, 27 young (27648K), 2 survivors (2048K)
 Metaspace       used 21194K, committed 21504K, reserved 1114112K
  class space    used 2966K, committed 3136K, reserved 1048576K
}
Event: 1,921 GC heap after
{Heap after GC invocations=5 (full 0):
 garbage-first heap   total 65536K, used 10014K [0x00000000c2c00000, 0x0000000100000000)
  region size 1024K, 4 young (4096K), 4 survivors (4096K)
 Metaspace       used 21194K, committed 21504K, reserved 1114112K
  class space    used 2966K, committed 3136K, reserved 1048576K
}
Event: 5,760 GC heap before
{Heap before GC invocations=6 (full 0):
 garbage-first heap   total 37888K, used 36638K [0x00000000c2c00000, 0x0000000100000000)
  region size 1024K, 21 young (21504K), 4 survivors (4096K)
 Metaspace       used 24590K, committed 24960K, reserved 1114112K
  class space    used 3389K, committed 3584K, reserved 1048576K
}
Event: 5,769 GC heap after
{Heap after GC invocations=7 (full 0):
 garbage-first heap   total 45056K, used 21965K [0x00000000c2c00000, 0x0000000100000000)
  region size 1024K, 3 young (3072K), 3 survivors (3072K)
 Metaspace       used 24590K, committed 24960K, reserved 1114112K
  class space    used 3389K, committed 3584K, reserved 1048576K
}

