# JRE version: OpenJDK Runtime Environment (21.0.7+6) (build 21.0.7+6-Ubuntu-0ubuntu124.04)
# Java VM: OpenJDK 64-Bit Server VM (21.0.7+6-Ubuntu-0ubuntu124.04, mixed mode, sharing, tiered, compressed oops, compressed class ptrs, g1 gc, linux-amd64)
GC Precious Log:
 CardTable entry size: 512
 Card Set container configuration: InlinePtr #cards 5 size 8 Array Of Cards #cards 12 size 40 Howl #buckets 4 coarsen threshold 1843 Howl Bitmap #cards 512 size 80 coarsen threshold 460 Card regions per heap region 1 cards per card region 2048
 CPUs: 2 total, 2 available
 Memory: 3915M
 Large Page Support: Disabled
 NUMA Support: Disabled
 Compressed Oops: Enabled (32-bit)
 Heap Region Size: 1M
 Heap Min Capacity: 8M
 Heap Initial Capacity: 62M
 Heap Max Capacity: 980M
 Pre-touch: Disabled
 Parallel Workers: 2
 Concurrent Workers: 1
 Concurrent Refinement Workers: 2
 Periodic GC: Disabled
Heap:
 garbage-first heap   total 40960K, used 23403K [0x00000000c2c00000, 0x0000000100000000)
  region size 1024K, 6 young (6144K), 3 survivors (3072K)
 Metaspace       used 24737K, committed 25088K, reserved 1114112K
  class space    used 3402K, committed 3584K, reserved 1048576K
GC Heap History (12 events):
Event: 0,312 GC heap before
{Heap before GC invocations=0 (full 0):
 garbage-first heap   total 65536K, used 6193K [0x00000000c2c00000, 0x0000000100000000)
  region size 1024K, 6 young (6144K), 0 survivors (0K)
 Metaspace       used 797K, committed 960K, reserved 1114112K
  class space    used 62K, committed 128K, reserved 1048576K
}
Event: 0,319 GC heap after
{Heap after GC invocations=1 (full 0):
 garbage-first heap   total 65536K, used 1481K [0x00000000c2c00000, 0x0000000100000000)
  region size 1024K, 1 young (1024K), 1 survivors (1024K)
 Metaspace       used 797K, committed 960K, reserved 1114112K
  class space    used 62K, committed 128K, reserved 1048576K
}
Event: 1,027 GC heap before
{Heap before GC invocations=1 (full 0):
 garbage-first heap   total 65536K, used 11721K [0x00000000c2c00000, 0x0000000100000000)
  region size 1024K, 12 young (12288K), 1 survivors (1024K)
 Metaspace       used 4492K, committed 4736K, reserved 1114112K
  class space    used 494K, committed 576K, reserved 1048576K
}
Event: 1,033 GC heap after
{Heap after GC invocations=2 (full 0):
 garbage-first heap   total 65536K, used 3365K [0x00000000c2c00000, 0x0000000100000000)
  region size 1024K, 2 young (2048K), 2 survivors (2048K)
 Metaspace       used 4492K, committed 4736K, reserved 1114112K
  class space    used 494K, committed 576K, reserved 1048576K
}
Event: 1,646 GC heap before
{Heap before GC invocations=2 (full 0):
 garbage-first heap   total 65536K, used 16677K [0x00000000c2c00000, 0x0000000100000000)
  region size 1024K, 16 young (16384K), 2 survivors (2048K)
 Metaspace       used 13838K, committed 14016K, reserved 1114112K
  class space    used 1558K, committed 1664K, reserved 1048576K
}
Event: 1,660 GC heap after
{Heap after GC invocations=3 (full 0):
 garbage-first heap   total 65536K, used 5826K [0x00000000c2c00000, 0x0000000100000000)
  region size 1024K, 2 young (2048K), 2 survivors (2048K)
 Metaspace       used 13838K, committed 14016K, reserved 1114112K
  class space    used 1558K, committed 1664K, reserved 1048576K
}
Event: 2,024 GC heap before
{Heap before GC invocations=3 (full 0):
 garbage-first heap   total 65536K, used 26306K [0x00000000c2c00000, 0x0000000100000000)
  region size 1024K, 23 young (23552K), 2 survivors (2048K)
 Metaspace       used 17880K, committed 18176K, reserved 1114112K
  class space    used 2209K, committed 2368K, reserved 1048576K
}
Event: 2,032 GC heap after
{Heap after GC invocations=4 (full 0):
 garbage-first heap   total 65536K, used 9086K [0x00000000c2c00000, 0x0000000100000000)
  region size 1024K, 3 young (3072K), 3 survivors (3072K)
 Metaspace       used 17880K, committed 18176K, reserved 1114112K
  class space    used 2209K, committed 2368K, reserved 1048576K
}
Event: 2,256 GC heap before
{Heap before GC invocations=4 (full 0):
 garbage-first heap   total 65536K, used 25470K [0x00000000c2c00000, 0x0000000100000000)
  region size 1024K, 20 young (20480K), 3 survivors (3072K)
 Metaspace       used 21128K, committed 21504K, reserved 1114112K
  class space    used 2940K, committed 3136K, reserved 1048576K
}
Event: 2,263 GC heap after
{Heap after GC invocations=5 (full 0):
 garbage-first heap   total 65536K, used 10162K [0x00000000c2c00000, 0x0000000100000000)
  region size 1024K, 1 young (1024K), 1 survivors (1024K)
 Metaspace       used 21128K, committed 21504K, reserved 1114112K
  class space    used 2940K, committed 3136K, reserved 1048576K
}
Event: 5,800 GC heap before
{Heap before GC invocations=6 (full 0):
 garbage-first heap   total 37888K, used 35762K [0x00000000c2c00000, 0x0000000100000000)
  region size 1024K, 18 young (18432K), 1 survivors (1024K)
 Metaspace       used 24497K, committed 24832K, reserved 1114112K
  class space    used 3388K, committed 3584K, reserved 1048576K
}
Event: 5,808 GC heap after
{Heap after GC invocations=7 (full 0):
 garbage-first heap   total 40960K, used 21355K [0x00000000c2c00000, 0x0000000100000000)
  region size 1024K, 3 young (3072K), 3 survivors (3072K)
 Metaspace       used 24497K, committed 24832K, reserved 1114112K
  class space    used 3388K, committed 3584K, reserved 1048576K
}

